  MyForm.cpp
C:\Users\j2-chen\projects\qlearning-breakout\Breakout-Qlearning\Breakout-Qlearning\MyForm.h(37,22): warning C4244: 'argument': conversion from 'double' to 'const unsigned __int64', possible loss of data
C:\Users\j2-chen\projects\qlearning-breakout\Breakout-Qlearning\Breakout-Qlearning\MyForm.cpp(56,13): warning C4244: 'argument': conversion from 'double' to 'const unsigned __int64', possible loss of data
C:\Users\j2-chen\projects\qlearning-breakout\Breakout-Qlearning\Breakout-Qlearning\MyForm.cpp(57,95): warning C4244: 'argument': conversion from 'double' to 'int', possible loss of data
C:\Users\j2-chen\projects\qlearning-breakout\Breakout-Qlearning\Breakout-Qlearning\MyForm.cpp(57,89): warning C4244: 'argument': conversion from 'double' to 'int', possible loss of data
C:\Users\j2-chen\projects\qlearning-breakout\Breakout-Qlearning\Breakout-Qlearning\MyForm.cpp(57,81): warning C4244: 'argument': conversion from 'double' to 'int', possible loss of data
C:\Users\j2-chen\projects\qlearning-breakout\Breakout-Qlearning\Breakout-Qlearning\MyForm.cpp(57,71): warning C4244: 'argument': conversion from 'double' to 'int', possible loss of data
C:\Users\j2-chen\projects\qlearning-breakout\Breakout-Qlearning\Breakout-Qlearning\MyForm.cpp(58,18): warning C4244: 'argument': conversion from 'double' to 'const unsigned __int64', possible loss of data
C:\Users\j2-chen\projects\qlearning-breakout\Breakout-Qlearning\Breakout-Qlearning\MyForm.cpp(59,94): warning C4244: 'argument': conversion from 'double' to 'int', possible loss of data
C:\Users\j2-chen\projects\qlearning-breakout\Breakout-Qlearning\Breakout-Qlearning\MyForm.cpp(59,88): warning C4244: 'argument': conversion from 'double' to 'int', possible loss of data
C:\Users\j2-chen\projects\qlearning-breakout\Breakout-Qlearning\Breakout-Qlearning\MyForm.cpp(59,80): warning C4244: 'argument': conversion from 'double' to 'int', possible loss of data
C:\Users\j2-chen\projects\qlearning-breakout\Breakout-Qlearning\Breakout-Qlearning\MyForm.cpp(59,70): warning C4244: 'argument': conversion from 'double' to 'int', possible loss of data
C:\Users\j2-chen\projects\qlearning-breakout\Breakout-Qlearning\Breakout-Qlearning\MyForm.cpp(66,11): warning C4244: 'initializing': conversion from 'double' to 'int', possible loss of data
C:\Users\j2-chen\projects\qlearning-breakout\Breakout-Qlearning\Breakout-Qlearning\MyForm.cpp(78,47): warning C4244: 'argument': conversion from 'double' to 'const unsigned __int64', possible loss of data
C:\Users\j2-chen\projects\qlearning-breakout\Breakout-Qlearning\Breakout-Qlearning\MyForm.cpp(78,54): warning C4244: 'argument': conversion from 'double' to 'const unsigned __int64', possible loss of data
C:\Users\j2-chen\projects\qlearning-breakout\Breakout-Qlearning\Breakout-Qlearning\MyForm.cpp(78,59): warning C4244: 'argument': conversion from 'double' to 'const unsigned __int64', possible loss of data
C:\Users\j2-chen\projects\qlearning-breakout\Breakout-Qlearning\Breakout-Qlearning\MyForm.cpp(78,63): warning C4244: 'argument': conversion from 'double' to 'const unsigned __int64', possible loss of data
C:\Users\j2-chen\projects\qlearning-breakout\Breakout-Qlearning\Breakout-Qlearning\MyForm.cpp(78,98): warning C4244: 'argument': conversion from 'double' to 'const unsigned __int64', possible loss of data
C:\Users\j2-chen\projects\qlearning-breakout\Breakout-Qlearning\Breakout-Qlearning\MyForm.cpp(78,105): warning C4244: 'argument': conversion from 'double' to 'const unsigned __int64', possible loss of data
C:\Users\j2-chen\projects\qlearning-breakout\Breakout-Qlearning\Breakout-Qlearning\MyForm.cpp(78,110): warning C4244: 'argument': conversion from 'double' to 'const unsigned __int64', possible loss of data
C:\Users\j2-chen\projects\qlearning-breakout\Breakout-Qlearning\Breakout-Qlearning\MyForm.cpp(78,114): warning C4244: 'argument': conversion from 'double' to 'const unsigned __int64', possible loss of data
C:\Users\j2-chen\projects\qlearning-breakout\Breakout-Qlearning\Breakout-Qlearning\MyForm.cpp(78,149): warning C4244: 'argument': conversion from 'double' to 'const unsigned __int64', possible loss of data
C:\Users\j2-chen\projects\qlearning-breakout\Breakout-Qlearning\Breakout-Qlearning\MyForm.cpp(78,156): warning C4244: 'argument': conversion from 'double' to 'const unsigned __int64', possible loss of data
C:\Users\j2-chen\projects\qlearning-breakout\Breakout-Qlearning\Breakout-Qlearning\MyForm.cpp(78,161): warning C4244: 'argument': conversion from 'double' to 'const unsigned __int64', possible loss of data
C:\Users\j2-chen\projects\qlearning-breakout\Breakout-Qlearning\Breakout-Qlearning\MyForm.cpp(78,165): warning C4244: 'argument': conversion from 'double' to 'const unsigned __int64', possible loss of data
C:\Users\j2-chen\projects\qlearning-breakout\Breakout-Qlearning\Breakout-Qlearning\MyForm.cpp(78,125): warning C4244: '=': conversion from '__int64' to 'int', possible loss of data
C:\Users\j2-chen\projects\qlearning-breakout\Breakout-Qlearning\Breakout-Qlearning\MyForm.cpp(79,32): warning C4244: 'argument': conversion from 'double' to 'const unsigned __int64', possible loss of data
C:\Users\j2-chen\projects\qlearning-breakout\Breakout-Qlearning\Breakout-Qlearning\MyForm.cpp(79,39): warning C4244: 'argument': conversion from 'double' to 'const unsigned __int64', possible loss of data
C:\Users\j2-chen\projects\qlearning-breakout\Breakout-Qlearning\Breakout-Qlearning\MyForm.cpp(79,44): warning C4244: 'argument': conversion from 'double' to 'const unsigned __int64', possible loss of data
C:\Users\j2-chen\projects\qlearning-breakout\Breakout-Qlearning\Breakout-Qlearning\MyForm.cpp(79,48): warning C4244: 'argument': conversion from 'double' to 'const unsigned __int64', possible loss of data
C:\Users\j2-chen\projects\qlearning-breakout\Breakout-Qlearning\Breakout-Qlearning\MyForm.cpp(95,18): warning C4244: '=': conversion from 'double' to 'int', possible loss of data
C:\Users\j2-chen\projects\qlearning-breakout\Breakout-Qlearning\Breakout-Qlearning\MyForm.cpp(97,13): warning C4244: '=': conversion from 'double' to 'int', possible loss of data
C:\Users\j2-chen\projects\qlearning-breakout\Breakout-Qlearning\Breakout-Qlearning\MyForm.cpp(98,13): warning C4244: '=': conversion from 'double' to 'int', possible loss of data
C:\Users\j2-chen\projects\qlearning-breakout\Breakout-Qlearning\Breakout-Qlearning\MyForm.cpp(100,53): warning C4244: 'argument': conversion from 'double' to 'float', possible loss of data
C:\Users\j2-chen\projects\qlearning-breakout\Breakout-Qlearning\Breakout-Qlearning\MyForm.cpp(100,31): warning C4244: 'argument': conversion from 'double' to 'float', possible loss of data
C:\Users\j2-chen\projects\qlearning-breakout\Breakout-Qlearning\Breakout-Qlearning\MyForm.cpp(101,47): warning C4244: 'argument': conversion from 'double' to 'float', possible loss of data
C:\Users\j2-chen\projects\qlearning-breakout\Breakout-Qlearning\Breakout-Qlearning\MyForm.cpp(101,25): warning C4244: 'argument': conversion from 'double' to 'float', possible loss of data
C:\Users\j2-chen\projects\qlearning-breakout\Breakout-Qlearning\Breakout-Qlearning\MyForm.cpp(102,60): warning C4244: 'argument': conversion from 'double' to 'float', possible loss of data
C:\Users\j2-chen\projects\qlearning-breakout\Breakout-Qlearning\Breakout-Qlearning\MyForm.cpp(102,31): warning C4244: 'argument': conversion from 'double' to 'float', possible loss of data
C:\Users\j2-chen\projects\qlearning-breakout\Breakout-Qlearning\Breakout-Qlearning\MyForm.cpp(105,18): warning C4244: '=': conversion from 'double' to 'int', possible loss of data
C:\Users\j2-chen\projects\qlearning-breakout\Breakout-Qlearning\Breakout-Qlearning\MyForm.cpp(107,13): warning C4244: '=': conversion from 'double' to 'int', possible loss of data
C:\Users\j2-chen\projects\qlearning-breakout\Breakout-Qlearning\Breakout-Qlearning\MyForm.cpp(108,13): warning C4244: '=': conversion from 'double' to 'int', possible loss of data
C:\Users\j2-chen\projects\qlearning-breakout\Breakout-Qlearning\Breakout-Qlearning\MyForm.cpp(110,47): warning C4244: 'argument': conversion from 'double' to 'float', possible loss of data
C:\Users\j2-chen\projects\qlearning-breakout\Breakout-Qlearning\Breakout-Qlearning\MyForm.cpp(110,25): warning C4244: 'argument': conversion from 'double' to 'float', possible loss of data
C:\Users\j2-chen\projects\qlearning-breakout\Breakout-Qlearning\Breakout-Qlearning\MyForm.cpp(111,53): warning C4244: 'argument': conversion from 'double' to 'float', possible loss of data
C:\Users\j2-chen\projects\qlearning-breakout\Breakout-Qlearning\Breakout-Qlearning\MyForm.cpp(111,31): warning C4244: 'argument': conversion from 'double' to 'float', possible loss of data
C:\Users\j2-chen\projects\qlearning-breakout\Breakout-Qlearning\Breakout-Qlearning\MyForm.cpp(112,49): warning C4244: 'argument': conversion from 'double' to 'float', possible loss of data
C:\Users\j2-chen\projects\qlearning-breakout\Breakout-Qlearning\Breakout-Qlearning\MyForm.cpp(112,25): warning C4244: 'argument': conversion from 'double' to 'float', possible loss of data
C:\Users\j2-chen\projects\qlearning-breakout\Breakout-Qlearning\Breakout-Qlearning\MyForm.cpp(115,18): warning C4244: '=': conversion from 'double' to 'int', possible loss of data
C:\Users\j2-chen\projects\qlearning-breakout\Breakout-Qlearning\Breakout-Qlearning\MyForm.cpp(117,13): warning C4244: '=': conversion from 'double' to 'int', possible loss of data
C:\Users\j2-chen\projects\qlearning-breakout\Breakout-Qlearning\Breakout-Qlearning\MyForm.cpp(118,13): warning C4244: '=': conversion from 'double' to 'int', possible loss of data
C:\Users\j2-chen\projects\qlearning-breakout\Breakout-Qlearning\Breakout-Qlearning\MyForm.cpp(120,53): warning C4244: 'argument': conversion from 'double' to 'float', possible loss of data
C:\Users\j2-chen\projects\qlearning-breakout\Breakout-Qlearning\Breakout-Qlearning\MyForm.cpp(120,25): warning C4244: 'argument': conversion from 'double' to 'float', possible loss of data
C:\Users\j2-chen\projects\qlearning-breakout\Breakout-Qlearning\Breakout-Qlearning\MyForm.cpp(121,53): warning C4244: 'argument': conversion from 'double' to 'float', possible loss of data
C:\Users\j2-chen\projects\qlearning-breakout\Breakout-Qlearning\Breakout-Qlearning\MyForm.cpp(121,31): warning C4244: 'argument': conversion from 'double' to 'float', possible loss of data
C:\Users\j2-chen\projects\qlearning-breakout\Breakout-Qlearning\Breakout-Qlearning\MyForm.cpp(122,47): warning C4244: 'argument': conversion from 'double' to 'float', possible loss of data
C:\Users\j2-chen\projects\qlearning-breakout\Breakout-Qlearning\Breakout-Qlearning\MyForm.cpp(122,25): warning C4244: 'argument': conversion from 'double' to 'float', possible loss of data
C:\Users\j2-chen\projects\qlearning-breakout\Breakout-Qlearning\Breakout-Qlearning\MyForm.cpp(126,93): warning C4244: 'argument': conversion from 'double' to 'int', possible loss of data
C:\Users\j2-chen\projects\qlearning-breakout\Breakout-Qlearning\Breakout-Qlearning\MyForm.cpp(126,87): warning C4244: 'argument': conversion from 'double' to 'int', possible loss of data
C:\Users\j2-chen\projects\qlearning-breakout\Breakout-Qlearning\Breakout-Qlearning\MyForm.cpp(126,79): warning C4244: 'argument': conversion from 'double' to 'int', possible loss of data
C:\Users\j2-chen\projects\qlearning-breakout\Breakout-Qlearning\Breakout-Qlearning\MyForm.cpp(126,66): warning C4244: 'argument': conversion from 'double' to 'int', possible loss of data
C:\Users\j2-chen\projects\qlearning-breakout\Breakout-Qlearning\Breakout-Qlearning\MyForm.cpp(130,55): warning C4244: 'argument': conversion from 'double' to 'float', possible loss of data
C:\Users\j2-chen\projects\qlearning-breakout\Breakout-Qlearning\Breakout-Qlearning\MyForm.cpp(130,31): warning C4244: 'argument': conversion from 'double' to 'float', possible loss of data
C:\Users\j2-chen\projects\qlearning-breakout\Breakout-Qlearning\Breakout-Qlearning\MyForm.cpp(138,99): warning C4244: 'argument': conversion from 'double' to 'int', possible loss of data
C:\Users\j2-chen\projects\qlearning-breakout\Breakout-Qlearning\Breakout-Qlearning\MyForm.cpp(138,93): warning C4244: 'argument': conversion from 'double' to 'int', possible loss of data
C:\Users\j2-chen\projects\qlearning-breakout\Breakout-Qlearning\Breakout-Qlearning\MyForm.cpp(138,85): warning C4244: 'argument': conversion from 'double' to 'int', possible loss of data
C:\Users\j2-chen\projects\qlearning-breakout\Breakout-Qlearning\Breakout-Qlearning\MyForm.cpp(138,71): warning C4244: 'argument': conversion from 'double' to 'int', possible loss of data
C:\Users\j2-chen\projects\qlearning-breakout\Breakout-Qlearning\Breakout-Qlearning\MyForm.cpp(139,107): warning C4244: 'argument': conversion from 'double' to 'int', possible loss of data
C:\Users\j2-chen\projects\qlearning-breakout\Breakout-Qlearning\Breakout-Qlearning\MyForm.cpp(139,102): warning C4244: 'argument': conversion from 'double' to 'int', possible loss of data
C:\Users\j2-chen\projects\qlearning-breakout\Breakout-Qlearning\Breakout-Qlearning\MyForm.cpp(139,89): warning C4244: 'argument': conversion from 'double' to 'int', possible loss of data
C:\Users\j2-chen\projects\qlearning-breakout\Breakout-Qlearning\Breakout-Qlearning\MyForm.cpp(139,75): warning C4244: 'argument': conversion from 'double' to 'int', possible loss of data
C:\Users\j2-chen\projects\qlearning-breakout\Breakout-Qlearning\Breakout-Qlearning\MyForm.cpp(145,33): warning C4244: 'argument': conversion from 'double' to 'float', possible loss of data
C:\Users\j2-chen\projects\qlearning-breakout\Breakout-Qlearning\Breakout-Qlearning\MyForm.cpp(148,43): warning C4244: 'argument': conversion from 'double' to 'float', possible loss of data
C:\Users\j2-chen\projects\qlearning-breakout\Breakout-Qlearning\Breakout-Qlearning\MyForm.cpp(148,24): warning C4244: 'argument': conversion from 'double' to 'float', possible loss of data
C:\Users\j2-chen\projects\qlearning-breakout\Breakout-Qlearning\Breakout-Qlearning\MyForm.cpp(163,21): warning C4244: 'argument': conversion from 'double' to 'int', possible loss of data
  breakout.obj : MSIL module encountered; incremental linking is disabled for MSIL; performing full link
  Breakout-Qlearning.vcxproj -> C:\Users\j2-chen\projects\qlearning-breakout\Breakout-Qlearning\x64\Debug\Breakout-Qlearning.exe
